2025-08-29 17:33:12.948 | INFO     | utils.utils_logger:<module>:38 - Logging to file: logs\project_log.log
2025-08-29 17:33:12.949 | INFO     | __main__:main:64 - START social media post producer...
2025-08-29 17:33:12.949 | INFO     | __main__:main:65 - Hit CTRL c (or CMD c) to close.
2025-08-29 17:33:12.949 | INFO     | __main__:get_message_interval:28 - Messages will be sent every 3 seconds.
2025-08-29 17:33:12.950 | INFO     | __main__:main:71 - I just shared a photo! It was hilarious.
2025-08-29 17:33:15.951 | INFO     | __main__:main:71 - I just liked a thread! It was inspiring.
2025-08-29 17:33:18.951 | INFO     | __main__:main:71 - I just shared a quote! It was hilarious.
2025-08-29 17:33:21.953 | INFO     | __main__:main:71 - I just commented on a blog! It was inspiring.
2025-08-29 17:33:23.051 | INFO     | utils.utils_logger:<module>:38 - Logging to file: logs\project_log.log
2025-08-29 17:33:23.051 | INFO     | __main__:main:76 - START social media consumer...
2025-08-29 17:33:23.051 | INFO     | __main__:main:77 - Hit CTRL c (or CMD c) to close.
2025-08-29 17:33:23.051 | INFO     | __main__:main:80 - Reading file located at logs\project_log.log
2025-08-29 17:33:24.954 | INFO     | __main__:main:71 - I just retweeted a video! It was epic.
2025-08-29 17:33:27.955 | INFO     | __main__:main:71 - I just commented on a quote! It was hilarious.
2025-08-29 17:33:30.957 | INFO     | __main__:main:71 - I just retweeted a photo! It was inspiring.
2025-08-29 17:33:33.958 | INFO     | __main__:main:71 - I just posted a video! It was inspiring.
2025-08-29 17:33:36.960 | INFO     | __main__:main:71 - I just posted a blog! It was epic.
2025-08-29 17:33:39.962 | INFO     | __main__:main:71 - I just retweeted a quote! It was creative.
2025-08-29 17:33:42.962 | INFO     | __main__:main:71 - I just posted a video! It was inspiring.
2025-08-29 17:33:45.964 | INFO     | __main__:main:71 - I just shared a video! It was hilarious.
2025-08-29 17:33:48.966 | INFO     | __main__:main:71 - I just commented on a thread! It was inspiring.
2025-08-29 17:33:51.967 | INFO     | __main__:main:71 - I just shared a blog! It was awesome.
2025-08-29 17:33:52.265 | WARNING  | __main__:process_message:57 - ALERT: Awesome message detected - I just shared a blog! It was awesome.
2025-08-29 17:33:54.968 | INFO     | __main__:main:71 - I just liked a thread! It was inspiring.
2025-08-29 17:33:57.970 | INFO     | __main__:main:71 - I just commented on a blog! It was hilarious.
2025-08-29 17:34:00.971 | INFO     | __main__:main:71 - I just liked a blog! It was inspiring.
2025-08-29 17:34:03.972 | INFO     | __main__:main:71 - I just liked a quote! It was creative.
2025-08-29 17:34:06.973 | INFO     | __main__:main:71 - I just shared a blog! It was awesome.
2025-08-29 17:34:07.374 | WARNING  | __main__:process_message:57 - ALERT: Awesome message detected - I just shared a blog! It was awesome.
2025-08-29 17:34:09.974 | INFO     | __main__:main:71 - I just retweeted a quote! It was inspiring.
2025-08-29 17:34:12.975 | INFO     | __main__:main:71 - I just commented on a blog! It was hilarious.
2025-08-29 17:34:15.976 | INFO     | __main__:main:71 - I just commented on a blog! It was inspiring.
2025-08-29 17:34:18.977 | INFO     | __main__:main:71 - I just commented on a video! It was epic.
2025-08-29 17:34:21.979 | INFO     | __main__:main:71 - I just shared a blog! It was hilarious.
2025-08-29 17:34:24.981 | INFO     | __main__:main:71 - I just commented on a blog! It was awesome.
2025-08-29 17:34:25.010 | WARNING  | __main__:process_message:57 - ALERT: Awesome message detected - I just commented on a blog! It was awesome.
2025-08-29 17:34:27.982 | INFO     | __main__:main:71 - I just liked a video! It was epic.
2025-08-29 17:34:30.983 | INFO     | __main__:main:71 - I just commented on a video! It was inspiring.
2025-08-29 17:34:33.984 | INFO     | __main__:main:71 - I just liked a blog! It was awesome.
2025-08-29 17:34:34.081 | WARNING  | __main__:process_message:57 - ALERT: Awesome message detected - I just liked a blog! It was awesome.
2025-08-29 17:34:36.985 | INFO     | __main__:main:71 - I just retweeted a quote! It was awesome.
2025-08-29 17:34:37.115 | WARNING  | __main__:process_message:57 - ALERT: Awesome message detected - I just retweeted a quote! It was awesome.
2025-08-29 17:34:39.986 | INFO     | __main__:main:71 - I just liked a quote! It was creative.
2025-08-29 17:34:42.987 | INFO     | __main__:main:71 - I just shared a video! It was inspiring.
2025-08-29 17:34:45.988 | INFO     | __main__:main:71 - I just commented on a quote! It was inspiring.
2025-08-29 17:34:48.989 | INFO     | __main__:main:71 - I just retweeted a blog! It was hilarious.
2025-08-29 17:34:51.990 | INFO     | __main__:main:71 - I just liked a blog! It was creative.
2025-08-29 17:34:54.991 | INFO     | __main__:main:71 - I just liked a quote! It was awesome.
2025-08-29 17:34:55.236 | WARNING  | __main__:process_message:57 - ALERT: Awesome message detected - I just liked a quote! It was awesome.
2025-08-29 17:34:57.992 | INFO     | __main__:main:71 - I just commented on a thread! It was epic.
2025-08-29 17:35:00.993 | INFO     | __main__:main:71 - I just posted a quote! It was hilarious.
2025-08-29 17:35:03.995 | INFO     | __main__:main:71 - I just liked a thread! It was inspiring.
2025-08-29 17:35:06.996 | INFO     | __main__:main:71 - I just liked a blog! It was creative.
2025-08-29 17:35:09.997 | INFO     | __main__:main:71 - I just commented on a video! It was creative.
2025-08-29 17:35:12.998 | INFO     | __main__:main:71 - I just commented on a thread! It was hilarious.
2025-08-29 17:35:15.999 | INFO     | __main__:main:71 - I just retweeted a thread! It was inspiring.
2025-08-29 17:35:19.000 | INFO     | __main__:main:71 - I just commented on a blog! It was creative.
2025-08-29 17:35:22.001 | INFO     | __main__:main:71 - I just retweeted a photo! It was inspiring.
2025-08-29 17:35:25.002 | INFO     | __main__:main:71 - I just shared a blog! It was epic.
2025-08-29 17:35:28.003 | INFO     | __main__:main:71 - I just shared a blog! It was epic.
2025-08-29 17:35:31.004 | INFO     | __main__:main:71 - I just shared a quote! It was epic.
2025-08-29 17:35:34.005 | INFO     | __main__:main:71 - I just shared a quote! It was creative.
2025-08-29 17:35:37.006 | INFO     | __main__:main:71 - I just commented on a thread! It was hilarious.
2025-08-29 17:35:40.007 | INFO     | __main__:main:71 - I just commented on a thread! It was hilarious.
2025-08-29 17:35:43.007 | INFO     | __main__:main:71 - I just liked a blog! It was creative.
2025-08-29 17:35:46.009 | INFO     | __main__:main:71 - I just commented on a video! It was hilarious.
2025-08-29 17:35:49.010 | INFO     | __main__:main:71 - I just commented on a quote! It was awesome.
2025-08-29 17:35:49.085 | WARNING  | __main__:process_message:57 - ALERT: Awesome message detected - I just commented on a quote! It was awesome.
2025-08-29 17:35:52.011 | INFO     | __main__:main:71 - I just posted a thread! It was creative.
2025-08-29 17:35:55.012 | INFO     | __main__:main:71 - I just liked a blog! It was epic.
2025-08-29 17:35:58.013 | INFO     | __main__:main:71 - I just posted a photo! It was awesome.
2025-08-29 17:35:58.152 | WARNING  | __main__:process_message:57 - ALERT: Awesome message detected - I just posted a photo! It was awesome.
2025-08-29 17:36:01.014 | INFO     | __main__:main:71 - I just shared a blog! It was hilarious.
2025-08-29 17:36:04.015 | INFO     | __main__:main:71 - I just posted a quote! It was hilarious.
2025-08-29 17:36:07.016 | INFO     | __main__:main:71 - I just shared a thread! It was creative.
2025-08-29 17:36:10.017 | INFO     | __main__:main:71 - I just liked a blog! It was hilarious.
2025-08-29 17:36:13.019 | INFO     | __main__:main:71 - I just commented on a video! It was inspiring.
2025-08-29 17:36:16.019 | INFO     | __main__:main:71 - I just posted a quote! It was hilarious.
2025-08-29 17:36:19.021 | INFO     | __main__:main:71 - I just shared a thread! It was inspiring.
2025-08-29 17:36:22.021 | INFO     | __main__:main:71 - I just posted a video! It was epic.
2025-08-29 17:36:25.023 | INFO     | __main__:main:71 - I just commented on a thread! It was hilarious.
2025-08-29 17:36:28.024 | INFO     | __main__:main:71 - I just liked a video! It was awesome.
2025-08-29 17:36:28.346 | WARNING  | __main__:process_message:57 - ALERT: Awesome message detected - I just liked a video! It was awesome.
2025-08-29 17:36:31.025 | INFO     | __main__:main:71 - I just commented on a quote! It was hilarious.
2025-08-29 17:36:34.026 | INFO     | __main__:main:71 - I just shared a blog! It was hilarious.
2025-08-29 17:36:37.027 | INFO     | __main__:main:71 - I just liked a video! It was epic.
2025-08-29 17:36:40.028 | INFO     | __main__:main:71 - I just posted a blog! It was hilarious.
2025-08-29 17:36:43.029 | INFO     | __main__:main:71 - I just retweeted a blog! It was epic.
2025-08-29 17:36:46.030 | INFO     | __main__:main:71 - I just posted a photo! It was awesome.
2025-08-29 17:36:46.469 | WARNING  | __main__:process_message:57 - ALERT: Awesome message detected - I just posted a photo! It was awesome.
2025-08-29 17:36:49.030 | INFO     | __main__:main:71 - I just posted a video! It was epic.
2025-08-29 17:36:52.031 | INFO     | __main__:main:71 - I just liked a quote! It was creative.
2025-08-29 17:36:55.032 | INFO     | __main__:main:71 - I just liked a thread! It was inspiring.
2025-08-29 17:36:58.033 | INFO     | __main__:main:71 - I just shared a thread! It was inspiring.
2025-08-29 17:37:01.034 | INFO     | __main__:main:71 - I just commented on a thread! It was awesome.
2025-08-29 17:37:01.071 | WARNING  | __main__:process_message:57 - ALERT: Awesome message detected - I just commented on a thread! It was awesome.
2025-08-29 17:37:04.036 | INFO     | __main__:main:71 - I just liked a thread! It was hilarious.
2025-08-29 17:37:07.038 | INFO     | __main__:main:71 - I just retweeted a blog! It was inspiring.
2025-08-29 17:37:10.039 | INFO     | __main__:main:71 - I just posted a thread! It was awesome.
2025-08-29 17:37:10.143 | WARNING  | __main__:process_message:57 - ALERT: Awesome message detected - I just posted a thread! It was awesome.
2025-08-29 17:37:13.041 | INFO     | __main__:main:71 - I just commented on a thread! It was epic.
2025-08-29 17:37:16.042 | INFO     | __main__:main:71 - I just liked a blog! It was hilarious.
2025-08-29 17:37:19.043 | INFO     | __main__:main:71 - I just commented on a video! It was awesome.
2025-08-29 17:37:19.214 | WARNING  | __main__:process_message:57 - ALERT: Awesome message detected - I just commented on a video! It was awesome.
2025-08-29 17:37:22.044 | INFO     | __main__:main:71 - I just liked a quote! It was epic.
